<?xml version="1.0" encoding="UTF-8"?>
<!-- Generated by org.testng.reporters.JUnitXMLReporter -->
<testsuite hostname="IONDELWS770" ignored="0" name="Surefire test" tests="3" failures="0" timestamp="2021-02-19T17:19:14 IST" time="0.035" errors="0">
  <testcase name="one" time="0.003" classname="testngDemo.TestNGPriorityDemo"/>
  <testcase name="two" time="0.0" classname="testngDemo.TestNGPriorityDemo"/>
  <testcase name="three" time="0.001" classname="testngDemo.TestNGPriorityDemo"/>
</testsuite> <!-- Surefire test -->
