<?xml version="1.0" encoding="UTF-8"?>
<!-- Generated by org.testng.reporters.JUnitXMLReporter -->
<testsuite hostname="IONDELWS770" name="Test" tests="6" failures="1" timestamp="4 Mar 2021 21:20:58 GMT" time="0.028" errors="0">
  <testcase name="test1" time="0.007" classname="listeners.TestNGListenerDemo"/>
  <testcase name="test2" time="0.003" classname="listeners.TestNGListenerDemo">
    <failure type="java.lang.AssertionError" message="expected [true] but found [false]">
      <![CDATA[java.lang.AssertionError: expected [true] but found [false]
	at listeners.TestNGListenerDemo.test2(TestNGListenerDemo.java:26)
... Removed 28 stack frames]]>
    </failure>
  </testcase> <!-- test2 -->
  <testcase name="test3" time="0.0" classname="listeners.TestNGListenerDemo">
    <skipped/>
  </testcase> <!-- test3 -->
  <testcase name="test4" time="0.0" classname="listeners.TestNGListenerDemo2"/>
  <testcase name="test5" time="0.001" classname="listeners.TestNGListenerDemo2"/>
  <testcase name="test6" time="0.0" classname="listeners.TestNGListenerDemo2">
    <skipped/>
  </testcase> <!-- test6 -->
</testsuite> <!-- Test -->
