<?xml version="1.0" encoding="UTF-8"?>
<testsuite xmlns:xsi="http://www.w3.org/2001/XMLSchema-instance" xsi:noNamespaceSchemaLocation="https://maven.apache.org/surefire/maven-surefire-plugin/xsd/surefire-test-report-3.0.xsd" version="3.0" name="TestSuite" time="1.054" tests="5" errors="0" skipped="2" failures="2">
  <properties>
[...]
</properties>
  <testcase name="test1" classname="listeners.TestNGListenerDemo" time="0.004">
    <system-out><![CDATA[[TestNGContentHandler] [WARN] It is strongly recommended to add "<!DOCTYPE suite SYSTEM "https://testng.org/testng-1.0.dtd" >" at the top of your file, otherwise TestNG may fail or not work as expected.
******** Tests started : Default test
******** Test started : test1
I am inside Test 1
******** Test is successful : test1
]]></system-out>
  </testcase>
  <testcase name="test2" classname="listeners.TestNGListenerDemo" time="0.002">
    <failure message="expected [true] but found [false]" type="java.lang.AssertionError"><![CDATA[java.lang.AssertionError: expected [true] but found [false]
	at listeners.TestNGListenerDemo.test2(TestNGListenerDemo.java:27)
]]></failure>
    <system-out><![CDATA[******** Test started : test2
I am inside Test 2
******** Test failed : test2
]]></system-out>
  </testcase>
  <testcase name="test2" classname="listeners.TestNGListenerDemo" time="0.004">
    <failure message="expected [true] but found [false]" type="java.lang.AssertionError"><![CDATA[java.lang.AssertionError: expected [true] but found [false]
	at listeners.TestNGListenerDemo.test2(TestNGListenerDemo.java:27)
]]></failure>
    <system-out><![CDATA[******** Test started : test2
I am inside Test 2
******** Test failed : test2
]]></system-out>
  </testcase>
  <testcase name="test3" classname="listeners.TestNGListenerDemo" time="0">
    <skipped message="This test is skipped."/>
    <system-out><![CDATA[******** Test started : test3
I am inside Test 3
******** Test skipped : test3
]]></system-out>
  </testcase>
  <testcase name="test3" classname="listeners.TestNGListenerDemo" time="0">
    <skipped message="This test is skipped."/>
    <system-out><![CDATA[******** Tests completed : Default test
PASSED: test1
FAILED: test2
java.lang.AssertionError: expected [true] but found [false]
	at listeners.TestNGListenerDemo.test2(TestNGListenerDemo.java:27)
	at java.util.ArrayList.forEach(ArrayList.java:1257)
... Removed 35 stack frames
SKIPPED: test3
org.testng.SkipException: This test is skipped.
	at listeners.TestNGListenerDemo.test3(TestNGListenerDemo.java:35)
	at java.util.ArrayList.forEach(ArrayList.java:1257)
... Removed 31 stack frames

===============================================
    Default test
    Tests run: 3, Failures: 1, Skips: 1
===============================================

******** Tests started : Default test(failed)
******** Test started : test3
I am inside Test 3
******** Test skipped : test3
]]></system-out>
  </testcase>
</testsuite>