<?xml version="1.0" encoding="UTF-8"?>
<testsuite xmlns:xsi="http://www.w3.org/2001/XMLSchema-instance" xsi:noNamespaceSchemaLocation="https://maven.apache.org/surefire/maven-surefire-plugin/xsd/surefire-test-report-3.0.xsd" version="3.0" name="testngDemo.TestNGPriorityDemo" time="0.418" tests="3" errors="0" skipped="0" failures="0">
  <properties>
[...]
</properties>
  <testcase name="one" classname="testngDemo.TestNGPriorityDemo" time="0.003">
    <system-out><![CDATA[I am inside Test 1
]]></system-out>
  </testcase>
  <testcase name="two" classname="testngDemo.TestNGPriorityDemo" time="0">
    <system-out><![CDATA[I am inside Test 2
]]></system-out>
  </testcase>
  <testcase name="three" classname="testngDemo.TestNGPriorityDemo" time="0">
    <system-out><![CDATA[I am inside Test 3
]]></system-out>
  </testcase>
</testsuite>