<?xml version="1.0" encoding="UTF-8"?>
<!-- Generated by org.testng.reporters.JUnitXMLReporter -->
<testsuite hostname="IONDELWS770" ignored="1" name="Default test(failed)" tests="2" failures="1" timestamp="2021-04-15T16:03:01 IST" time="0.002" errors="0">
  <testcase name="test3" time="0.0" classname="listeners.TestNGListenerDemo">
    <skipped/>
  </testcase> <!-- test3 -->
  <testcase name="test2" time="0.0" classname="listeners.TestNGListenerDemo">
    <failure type="java.lang.AssertionError" message="expected [true] but found [false]">
      <![CDATA[java.lang.AssertionError: expected [true] but found [false]
at listeners.TestNGListenerDemo.test2(TestNGListenerDemo.java:27)
at java.util.ArrayList.forEach(ArrayList.java:1257)
... Removed 35 stack frames]]>
    </failure>
  </testcase> <!-- test2 -->
  <testcase name="test1" time="0.0" classname="listeners.TestNGListenerDemo">
    <ignored/>
  </testcase> <!-- test1 -->
</testsuite> <!-- Default test(failed) -->
