<?xml version="1.0" encoding="UTF-8"?>
<testng-results skipped="0" failed="1" total="1" passed="0">
  <reporter-output>
  </reporter-output>
  <suite name="Default suite" duration-ms="1974" started-at="2021-04-18T13:00:45Z" finished-at="2021-04-18T13:00:47Z">
    <groups>
    </groups>
    <test name="Default test" duration-ms="1974" started-at="2021-04-18T13:00:45Z" finished-at="2021-04-18T13:00:47Z">
      <class name="test.webTables_Selenium">
        <test-method status="FAIL" signature="fetchDataAt3Row2Column()[pri:0, instance:test.webTables_Selenium@6537cf78]" name="fetchDataAt3Row2Column" duration-ms="1953" started-at="2021-04-18T18:30:45Z" finished-at="2021-04-18T18:30:47Z">
          <exception class="org.openqa.selenium.SessionNotCreatedException">
            <message>
              <![CDATA[session not created: This version of ChromeDriver only supports Chrome version 88
Current browser version is 90.0.4430.72 with binary path C:\Program Files (x86)\Google\Chrome\Application\chrome.exe
Build info: version: '3.141.59', revision: 'e82be7d358', time: '2018-11-14T08:17:03'
System info: host: 'IONDELWS770', ip: '10.101.130.220', os.name: 'Windows 10', os.arch: 'amd64', os.version: '10.0', java.version: '1.8.0_171'
Driver info: driver.version: ChromeDriver
remote stacktrace: Backtrace:
	GetHandleVerifier [0x0070B963+483]
	GetHandleVerifier [0x0070B941+449]
	GetHandleVerifier [0x00AB3308+3832712]
	GetHandleVerifier [0x00ACD69A+3940122]
	GetHandleVerifier [0x00AC9AFB+3924859]
	GetHandleVerifier [0x00AC7D9C+3917340]
	GetHandleVerifier [0x00AEE7FE+4075646]
	GetHandleVerifier [0x00AEE56C+4074988]
	GetHandleVerifier [0x00AEB2EB+4062059]
	GetHandleVerifier [0x00ACED14+3945876]
	GetHandleVerifier [0x00ACFBCE+3949646]
	GetHandleVerifier [0x00ACFB59+3949529]
	Ordinal0 [0x006CB5CC+46540]
	Ordinal0 [0x006C9F53+40787]
	Ordinal0 [0x006C9B12+39698]
	GetHandleVerifier [0x009D1468+2907368]
	GetHandleVerifier [0x008171EE+1096302]
	GetHandleVerifier [0x007D3E8D+821005]
	GetHandleVerifier [0x007D396B+819691]
	GetHandleVerifier [0x007D3881+819457]
	GetHandleVerifier [0x007FF463+998627]
	BaseThreadInitThunk [0x7778FA29+25]
	RtlGetAppContainerNamedObjectPath [0x77CA7A4E+286]
	RtlGetAppContainerNamedObjectPath [0x77CA7A1E+238]
]]>
            </message>
            <full-stacktrace>
              <![CDATA[org.openqa.selenium.SessionNotCreatedException: session not created: This version of ChromeDriver only supports Chrome version 88
Current browser version is 90.0.4430.72 with binary path C:\Program Files (x86)\Google\Chrome\Application\chrome.exe
Build info: version: '3.141.59', revision: 'e82be7d358', time: '2018-11-14T08:17:03'
System info: host: 'IONDELWS770', ip: '10.101.130.220', os.name: 'Windows 10', os.arch: 'amd64', os.version: '10.0', java.version: '1.8.0_171'
Driver info: driver.version: ChromeDriver
remote stacktrace: Backtrace:
	GetHandleVerifier [0x0070B963+483]
	GetHandleVerifier [0x0070B941+449]
	GetHandleVerifier [0x00AB3308+3832712]
	GetHandleVerifier [0x00ACD69A+3940122]
	GetHandleVerifier [0x00AC9AFB+3924859]
	GetHandleVerifier [0x00AC7D9C+3917340]
	GetHandleVerifier [0x00AEE7FE+4075646]
	GetHandleVerifier [0x00AEE56C+4074988]
	GetHandleVerifier [0x00AEB2EB+4062059]
	GetHandleVerifier [0x00ACED14+3945876]
	GetHandleVerifier [0x00ACFBCE+3949646]
	GetHandleVerifier [0x00ACFB59+3949529]
	Ordinal0 [0x006CB5CC+46540]
	Ordinal0 [0x006C9F53+40787]
	Ordinal0 [0x006C9B12+39698]
	GetHandleVerifier [0x009D1468+2907368]
	GetHandleVerifier [0x008171EE+1096302]
	GetHandleVerifier [0x007D3E8D+821005]
	GetHandleVerifier [0x007D396B+819691]
	GetHandleVerifier [0x007D3881+819457]
	GetHandleVerifier [0x007FF463+998627]
	BaseThreadInitThunk [0x7778FA29+25]
	RtlGetAppContainerNamedObjectPath [0x77CA7A4E+286]
	RtlGetAppContainerNamedObjectPath [0x77CA7A1E+238]

	at sun.reflect.NativeConstructorAccessorImpl.newInstance0(Native Method)
	at sun.reflect.NativeConstructorAccessorImpl.newInstance(NativeConstructorAccessorImpl.java:62)
	at sun.reflect.DelegatingConstructorAccessorImpl.newInstance(DelegatingConstructorAccessorImpl.java:45)
	at java.lang.reflect.Constructor.newInstance(Constructor.java:423)
	at org.openqa.selenium.remote.W3CHandshakeResponse.lambda$errorHandler$0(W3CHandshakeResponse.java:62)
	at org.openqa.selenium.remote.HandshakeResponse.lambda$getResponseFunction$0(HandshakeResponse.java:30)
	at org.openqa.selenium.remote.ProtocolHandshake.lambda$createSession$0(ProtocolHandshake.java:126)
	at java.util.stream.ReferencePipeline$3$1.accept(ReferencePipeline.java:193)
	at java.util.Spliterators$ArraySpliterator.tryAdvance(Spliterators.java:958)
	at java.util.stream.ReferencePipeline.forEachWithCancel(ReferencePipeline.java:126)
	at java.util.stream.AbstractPipeline.copyIntoWithCancel(AbstractPipeline.java:498)
	at java.util.stream.AbstractPipeline.copyInto(AbstractPipeline.java:485)
	at java.util.stream.AbstractPipeline.wrapAndCopyInto(AbstractPipeline.java:471)
	at java.util.stream.FindOps$FindOp.evaluateSequential(FindOps.java:152)
	at java.util.stream.AbstractPipeline.evaluate(AbstractPipeline.java:234)
	at java.util.stream.ReferencePipeline.findFirst(ReferencePipeline.java:464)
	at org.openqa.selenium.remote.ProtocolHandshake.createSession(ProtocolHandshake.java:128)
	at org.openqa.selenium.remote.ProtocolHandshake.createSession(ProtocolHandshake.java:74)
	at org.openqa.selenium.remote.HttpCommandExecutor.execute(HttpCommandExecutor.java:136)
	at org.openqa.selenium.remote.service.DriverCommandExecutor.execute(DriverCommandExecutor.java:83)
	at org.openqa.selenium.remote.RemoteWebDriver.execute(RemoteWebDriver.java:552)
	at org.openqa.selenium.remote.RemoteWebDriver.startSession(RemoteWebDriver.java:213)
	at org.openqa.selenium.remote.RemoteWebDriver.<init>(RemoteWebDriver.java:131)
	at org.openqa.selenium.chrome.ChromeDriver.<init>(ChromeDriver.java:181)
	at org.openqa.selenium.chrome.ChromeDriver.<init>(ChromeDriver.java:168)
	at org.openqa.selenium.chrome.ChromeDriver.<init>(ChromeDriver.java:123)
	at test.webTables_Selenium.fetchDataAt3Row2Column(webTables_Selenium.java:46)
	at sun.reflect.NativeMethodAccessorImpl.invoke0(Native Method)
	at sun.reflect.NativeMethodAccessorImpl.invoke(NativeMethodAccessorImpl.java:62)
	at sun.reflect.DelegatingMethodAccessorImpl.invoke(DelegatingMethodAccessorImpl.java:43)
	at java.lang.reflect.Method.invoke(Method.java:498)
	at org.testng.internal.MethodInvocationHelper.invokeMethod(MethodInvocationHelper.java:86)
	at org.testng.internal.Invoker.invokeMethod(Invoker.java:645)
	at org.testng.internal.Invoker.invokeTestMethod(Invoker.java:822)
	at org.testng.internal.Invoker.invokeTestMethods(Invoker.java:1130)
	at org.testng.internal.TestMethodWorker.invokeTestMethods(TestMethodWorker.java:129)
	at org.testng.internal.TestMethodWorker.run(TestMethodWorker.java:112)
	at org.testng.TestRunner.privateRun(TestRunner.java:782)
	at org.testng.TestRunner.run(TestRunner.java:632)
	at org.testng.SuiteRunner.runTest(SuiteRunner.java:366)
	at org.testng.SuiteRunner.runSequentially(SuiteRunner.java:361)
	at org.testng.SuiteRunner.privateRun(SuiteRunner.java:319)
	at org.testng.SuiteRunner.run(SuiteRunner.java:268)
	at org.testng.SuiteRunnerWorker.runSuite(SuiteRunnerWorker.java:52)
	at org.testng.SuiteRunnerWorker.run(SuiteRunnerWorker.java:86)
	at org.testng.TestNG.runSuitesSequentially(TestNG.java:1244)
	at org.testng.TestNG.runSuitesLocally(TestNG.java:1169)
	at org.testng.TestNG.run(TestNG.java:1064)
	at org.testng.remote.RemoteTestNG.run(RemoteTestNG.java:113)
	at org.testng.remote.RemoteTestNG.initAndRun(RemoteTestNG.java:206)
	at org.testng.remote.RemoteTestNG.main(RemoteTestNG.java:177)
]]>
            </full-stacktrace>
          </exception> <!-- org.openqa.selenium.SessionNotCreatedException -->
          <reporter-output>
          </reporter-output>
        </test-method> <!-- fetchDataAt3Row2Column -->
      </class> <!-- test.webTables_Selenium -->
    </test> <!-- Default test -->
  </suite> <!-- Default suite -->
</testng-results>
